2024-10-15 22:53:48 - Starting ElasticSearchLearningProject2Application using Java 21.0.2 with PID 6724 (C:\Users\dima-\OneDrive\Рабочий стол\IdeaProjects\Shkarpetin_Dmitriy\ElasticSearchLearning\Project 2\target\classes started by dima- in C:\Users\dima-\OneDrive\Рабочий стол\IdeaProjects\Shkarpetin_Dmitriy\ElasticSearchLearning\Project 2)
2024-10-15 22:53:48 - No active profile set, falling back to 1 default profile: "default"
2024-10-15 22:53:50 - Bootstrapping Spring Data Elasticsearch repositories in DEFAULT mode.
2024-10-15 22:53:50 - Finished Spring Data repository scanning in 111 ms. Found 2 Elasticsearch repository interfaces.
2024-10-15 22:53:51 - Tomcat initialized with port 8080 (http)
2024-10-15 22:53:51 - Initializing ProtocolHandler ["http-nio-8080"]
2024-10-15 22:53:51 - Starting service [Tomcat]
2024-10-15 22:53:51 - Starting Servlet engine: [Apache Tomcat/10.1.30]
2024-10-15 22:53:52 - Initializing Spring embedded WebApplicationContext
2024-10-15 22:53:52 - Root WebApplicationContext: initialization completed in 2919 ms
2024-10-15 22:53:54 - Starting ProtocolHandler ["http-nio-8080"]
2024-10-15 22:53:54 - Tomcat started on port 8080 (http) with context path '/'
2024-10-15 22:53:54 - Started ElasticSearchLearningProject2Application in 6.523 seconds (process running for 8.203)
2024-10-15 22:55:43 - Starting ElasticSearchLearningProject2Application using Java 21.0.2 with PID 11128 (C:\Users\dima-\OneDrive\Рабочий стол\IdeaProjects\Shkarpetin_Dmitriy\ElasticSearchLearning\Project 2\target\classes started by dima- in C:\Users\dima-\OneDrive\Рабочий стол\IdeaProjects\Shkarpetin_Dmitriy\ElasticSearchLearning\Project 2)
2024-10-15 22:55:43 - No active profile set, falling back to 1 default profile: "default"
2024-10-15 22:55:45 - Bootstrapping Spring Data Elasticsearch repositories in DEFAULT mode.
2024-10-15 22:55:45 - Finished Spring Data repository scanning in 88 ms. Found 2 Elasticsearch repository interfaces.
2024-10-15 22:55:46 - Tomcat initialized with port 8080 (http)
2024-10-15 22:55:46 - Initializing ProtocolHandler ["http-nio-8080"]
2024-10-15 22:55:46 - Starting service [Tomcat]
2024-10-15 22:55:46 - Starting Servlet engine: [Apache Tomcat/10.1.30]
2024-10-15 22:55:46 - Initializing Spring embedded WebApplicationContext
2024-10-15 22:55:46 - Root WebApplicationContext: initialization completed in 2337 ms
2024-10-15 22:55:48 - Starting ProtocolHandler ["http-nio-8080"]
2024-10-15 22:55:48 - Tomcat started on port 8080 (http) with context path '/'
2024-10-15 22:55:48 - Started ElasticSearchLearningProject2Application in 5.141 seconds (process running for 6.319)
2024-10-15 22:56:12 - Starting ElasticSearchLearningProject2Application using Java 21.0.2 with PID 6508 (C:\Users\dima-\OneDrive\Рабочий стол\IdeaProjects\Shkarpetin_Dmitriy\ElasticSearchLearning\Project 2\target\classes started by dima- in C:\Users\dima-\OneDrive\Рабочий стол\IdeaProjects\Shkarpetin_Dmitriy\ElasticSearchLearning\Project 2)
2024-10-15 22:56:12 - No active profile set, falling back to 1 default profile: "default"
2024-10-15 22:56:14 - Bootstrapping Spring Data Elasticsearch repositories in DEFAULT mode.
2024-10-15 22:56:14 - Finished Spring Data repository scanning in 135 ms. Found 2 Elasticsearch repository interfaces.
2024-10-15 22:56:15 - Tomcat initialized with port 8080 (http)
2024-10-15 22:56:15 - Initializing ProtocolHandler ["http-nio-8080"]
2024-10-15 22:56:15 - Starting service [Tomcat]
2024-10-15 22:56:15 - Starting Servlet engine: [Apache Tomcat/10.1.30]
2024-10-15 22:56:15 - Initializing Spring embedded WebApplicationContext
2024-10-15 22:56:15 - Root WebApplicationContext: initialization completed in 2852 ms
2024-10-15 22:56:17 - Starting ProtocolHandler ["http-nio-8080"]
2024-10-15 22:56:17 - Tomcat started on port 8080 (http) with context path '/'
2024-10-15 22:56:17 - Started ElasticSearchLearningProject2Application in 6.332 seconds (process running for 11.666)
2024-10-15 22:57:14 - Starting ElasticSearchLearningProject2Application using Java 21.0.2 with PID 10688 (C:\Users\dima-\OneDrive\Рабочий стол\IdeaProjects\Shkarpetin_Dmitriy\ElasticSearchLearning\Project 2\target\classes started by dima- in C:\Users\dima-\OneDrive\Рабочий стол\IdeaProjects\Shkarpetin_Dmitriy\ElasticSearchLearning\Project 2)
2024-10-15 22:57:14 - No active profile set, falling back to 1 default profile: "default"
2024-10-15 22:57:16 - Bootstrapping Spring Data Elasticsearch repositories in DEFAULT mode.
2024-10-15 22:57:16 - Finished Spring Data repository scanning in 156 ms. Found 2 Elasticsearch repository interfaces.
2024-10-15 22:57:18 - Tomcat initialized with port 8080 (http)
2024-10-15 22:57:18 - Initializing ProtocolHandler ["http-nio-8080"]
2024-10-15 22:57:18 - Starting service [Tomcat]
2024-10-15 22:57:18 - Starting Servlet engine: [Apache Tomcat/10.1.30]
2024-10-15 22:57:18 - Initializing Spring embedded WebApplicationContext
2024-10-15 22:57:18 - Root WebApplicationContext: initialization completed in 3411 ms
2024-10-15 22:57:21 - Starting ProtocolHandler ["http-nio-8080"]
2024-10-15 22:57:21 - Tomcat started on port 8080 (http) with context path '/'
2024-10-15 22:57:21 - Started ElasticSearchLearningProject2Application in 7.479 seconds (process running for 12.198)
2024-10-15 22:58:34 - Initializing Spring DispatcherServlet 'dispatcherServlet'
2024-10-15 22:58:34 - Initializing Servlet 'dispatcherServlet'
2024-10-15 22:58:34 - Completed initialization in 3 ms
2024-10-15 23:00:21 - Starting ElasticSearchLearningProject2Application using Java 21.0.2 with PID 8152 (C:\Users\dima-\OneDrive\Рабочий стол\IdeaProjects\Shkarpetin_Dmitriy\ElasticSearchLearning\Project 2\target\classes started by dima- in C:\Users\dima-\OneDrive\Рабочий стол\IdeaProjects\Shkarpetin_Dmitriy\ElasticSearchLearning\Project 2)
2024-10-15 23:00:21 - No active profile set, falling back to 1 default profile: "default"
2024-10-15 23:00:22 - Bootstrapping Spring Data Elasticsearch repositories in DEFAULT mode.
2024-10-15 23:00:22 - Finished Spring Data repository scanning in 111 ms. Found 2 Elasticsearch repository interfaces.
2024-10-15 23:00:23 - Tomcat initialized with port 8080 (http)
2024-10-15 23:00:23 - Initializing ProtocolHandler ["http-nio-8080"]
2024-10-15 23:00:23 - Starting service [Tomcat]
2024-10-15 23:00:23 - Starting Servlet engine: [Apache Tomcat/10.1.30]
2024-10-15 23:00:23 - Initializing Spring embedded WebApplicationContext
2024-10-15 23:00:23 - Root WebApplicationContext: initialization completed in 2301 ms
2024-10-15 23:00:25 - Starting ProtocolHandler ["http-nio-8080"]
2024-10-15 23:00:25 - Tomcat started on port 8080 (http) with context path '/'
2024-10-15 23:00:25 - Started ElasticSearchLearningProject2Application in 4.885 seconds (process running for 5.822)
2024-10-15 23:01:46 - Starting ElasticSearchLearningProject2Application using Java 21.0.2 with PID 10944 (C:\Users\dima-\OneDrive\Рабочий стол\IdeaProjects\Shkarpetin_Dmitriy\ElasticSearchLearning\Project 2\target\classes started by dima- in C:\Users\dima-\OneDrive\Рабочий стол\IdeaProjects\Shkarpetin_Dmitriy\ElasticSearchLearning\Project 2)
2024-10-15 23:01:46 - No active profile set, falling back to 1 default profile: "default"
2024-10-15 23:01:48 - Bootstrapping Spring Data Elasticsearch repositories in DEFAULT mode.
2024-10-15 23:01:48 - Finished Spring Data repository scanning in 114 ms. Found 2 Elasticsearch repository interfaces.
2024-10-15 23:01:49 - Tomcat initialized with port 8080 (http)
2024-10-15 23:01:49 - Initializing ProtocolHandler ["http-nio-8080"]
2024-10-15 23:01:49 - Starting service [Tomcat]
2024-10-15 23:01:49 - Starting Servlet engine: [Apache Tomcat/10.1.30]
2024-10-15 23:01:49 - Initializing Spring embedded WebApplicationContext
2024-10-15 23:01:49 - Root WebApplicationContext: initialization completed in 2420 ms
2024-10-15 23:01:52 - Starting ProtocolHandler ["http-nio-8080"]
2024-10-15 23:01:52 - Tomcat started on port 8080 (http) with context path '/'
2024-10-15 23:01:52 - Started ElasticSearchLearningProject2Application in 6.365 seconds (process running for 7.485)
